#
# A fatal error has been detected by the Java Runtime Environment:
#
#  EXCEPTION_ACCESS_VIOLATION (0xc0000005) at pc=0x00007ffdad1878e2, pid=9568, tid=1040
#
# JRE version: Java(TM) SE Runtime Environment 18.9 (11.0.10+8) (build 11.0.10+8-LTS-162)
# Java VM: Java HotSpot(TM) 64-Bit Server VM 18.9 (11.0.10+8-LTS-162, mixed mode, tiered, compressed oops, parallel gc, windows-amd64)
# Problematic frame:
# V  [jvm.dll+0x6378e2]
#
# No core dump will be written. Minidumps are not enabled by default on client versions of Windows
#
# If you would like to submit a bug report, please visit:
#   https://bugreport.java.com/bugreport/crash.jsp
#

---------------  S U M M A R Y ------------

Command Line: --add-modules=ALL-SYSTEM --add-opens=java.base/java.util=ALL-UNNAMED --add-opens=java.base/java.lang=ALL-UNNAMED -Declipse.application=org.eclipse.jdt.ls.core.id1 -Dosgi.bundles.defaultStartLevel=4 -Declipse.product=org.eclipse.jdt.ls.core.product -Dfile.encoding=utf8 -DwatchParentProcess=false -XX:+UseParallelGC -XX:GCTimeRatio=4 -XX:AdaptiveSizePolicyWeight=90 -Dsun.zip.disableMemoryMapping=true -Xmx1G -Xms100m -Xverify:none c:\Users\Vitor Gois\.vscode\extensions\redhat.java-0.76.0\server\plugins\org.eclipse.equinox.launcher_1.6.100.v20201223-0822.jar -configuration c:\Users\Vitor Gois\AppData\Roaming\Code\User\globalStorage\redhat.java\0.76.0\config_win -data c:\Users\Vitor Gois\AppData\Roaming\Code\User\workspaceStorage\dd332879408429eebb63d62f58e8efcc\redhat.java\jdt_ws

Host: Intel(R) Core(TM) i5-7200U CPU @ 2.50GHz, 4 cores, 7G,  Windows 10 , 64 bit Build 19041 (10.0.19041.546)
Time: Thu Mar 11 22:30:14 2021 Hora oficial do Brasil elapsed time: 529.250404 seconds (0d 0h 8m 49s)

---------------  T H R E A D  ---------------

Current thread (0x000001fc1bd7b000):  GCTaskThread "ParGC Thread#2" [stack: 0x0000009e9fc00000,0x0000009e9fd00000] [id=1040]

Stack: [0x0000009e9fc00000,0x0000009e9fd00000],  sp=0x0000009e9fcff370,  free space=1020k
Native frames: (J=compiled Java code, j=interpreted, Vv=VM code, C=native code)
V  [jvm.dll+0x6378e2]
V  [jvm.dll+0x636902]
V  [jvm.dll+0x64b6fe]
V  [jvm.dll+0x64aece]
V  [jvm.dll+0x6376b4]
V  [jvm.dll+0x30f03a]
V  [jvm.dll+0x70c314]
V  [jvm.dll+0x613036]
C  [ucrtbase.dll+0x214c2]
C  [KERNEL32.DLL+0x17034]
C  [ntdll.dll+0x4cec1]


siginfo: EXCEPTION_ACCESS_VIOLATION (0xc0000005), reading address 0x000000022ba32b40


Register to memory mapping:

RIP=0x00007ffdad1878e2 jvm.dll
RAX=0x0000000000000001 is an unknown value
RBX=0x00000000c40a9548 is pointing into object: [B 
{0x00000000c40a9540} - klass: {type array byte}
 - length: 8
RCX=0x0000000000000003 is an unknown value
RDX=0x00000000c40a9438 is pointing into object: com.google.gson.internal.LinkedTreeMap$Node 
{0x00000000c40a9420} - klass: 'com/google/gson/internal/LinkedTreeMap$Node'
RSP=0x0000009e9fcff370 points into unknown readable memory: 50 94 0a c4 00 00 00 00
RBP=0x00000001003ccc90 is pointing into metadata
RSI=0x00000000c40a944c is pointing into object: com.google.gson.internal.LinkedTreeMap$Node 
{0x00000000c40a9420} - klass: 'com/google/gson/internal/LinkedTreeMap$Node'
RDI=0x000001fc1a40fa90 points into unknown readable memory: 57 22 00 00 fc 01 00 00
R8 =0x000000022ba32b38 is an unknown value
R9 =0x000000000002054a is an unknown value
R10=0x0000000000000001 is an unknown value
R11=0x0000000000000001 is an unknown value
R12=0x00000000000003d8 is an unknown value
R13=0x0 is NULL
R14=0x00000001003ccc98 is a pointer to class: 
com.google.gson.JsonArray {0x00000001003ccca0}
R15=0x00000000c40a9420 is an oop: com.google.gson.internal.LinkedTreeMap$Node 
{0x00000000c40a9420} - klass: 'com/google/gson/internal/LinkedTreeMap$Node'


Registers:
RAX=0x0000000000000001, RBX=0x00000000c40a9548, RCX=0x0000000000000003, RDX=0x00000000c40a9438
RSP=0x0000009e9fcff370, RBP=0x00000001003ccc90, RSI=0x00000000c40a944c, RDI=0x000001fc1a40fa90
R8 =0x000000022ba32b38, R9 =0x000000000002054a, R10=0x0000000000000001, R11=0x0000000000000001
R12=0x00000000000003d8, R13=0x0000000000000000, R14=0x00000001003ccc98, R15=0x00000000c40a9420
RIP=0x00007ffdad1878e2, EFLAGS=0x0000000000010202

Top of Stack: (sp=0x0000009e9fcff370)
0x0000009e9fcff370:   00000000c40a9450 00000001003ccc90
0x0000009e9fcff380:   00000000c40a944c 0000000000000006
0x0000009e9fcff390:   000001fc1a40fa90 00007ffdad186902
0x0000009e9fcff3a0:   00000000c40a9548 00000000c40a9450
0x0000009e9fcff3b0:   00000000c40a9608 0000000000000001
0x0000009e9fcff3c0:   000001fc1a40fa90 00007ffdad19b6fe
0x0000009e9fcff3d0:   00000000c40a9438 00007ffdad186a8b
0x0000009e9fcff3e0:   000001fc1a9a52f8 00000000c40a9608
0x0000009e9fcff3f0:   000001fc1b6ea2a8 000001fc1a40fb10
0x0000009e9fcff400:   000001fc7e2b8e30 00007ffdad19aece
0x0000009e9fcff410:   0000000000002255 0000009e9fcff490
0x0000009e9fcff420:   000001fc1a40fa90 000001fc7e2b8e30
0x0000009e9fcff430:   0000000000000000 0000000000000000
0x0000009e9fcff440:   0000000000000000 0000000000000000
0x0000009e9fcff450:   0000000000000000 0000000000000000
0x0000009e9fcff460:   0000000000000000 0000000000000000 

Instructions: (pc=0x00007ffdad1878e2)
0x00007ffdad1878c2:   8b d9 84 c0 74 16 44 8b 41 08 8b 0d 86 a6 3a 00
0x00007ffdad1878d2:   49 d3 e0 4c 03 05 74 a6 3a 00 eb 04 4c 8b 41 08
0x00007ffdad1878e2:   45 8b 48 08 45 85 c9 7e 0c 41 f6 c1 01 75 53 41
0x00007ffdad1878f2:   c1 f9 03 eb 5f 79 4b 84 c0 ba 0c 00 00 00 8b 05 


Stack slot to memory mapping:
stack at sp + 0 slots: 0x00000000c40a9450 is an oop: com.google.gson.internal.LinkedTreeMap$Node 
{0x00000000c40a9450} - klass: 'com/google/gson/internal/LinkedTreeMap$Node'
stack at sp + 1 slots: 0x00000001003ccc90 is pointing into metadata
stack at sp + 2 slots: 0x00000000c40a944c is pointing into object: com.google.gson.internal.LinkedTreeMap$Node 
{0x00000000c40a9420} - klass: 'com/google/gson/internal/LinkedTreeMap$Node'
stack at sp + 3 slots: 0x0000000000000006 is an unknown value
stack at sp + 4 slots: 0x000001fc1a40fa90 points into unknown readable memory: 57 22 00 00 fc 01 00 00
stack at sp + 5 slots: 0x00007ffdad186902 jvm.dll
stack at sp + 6 slots: 0x00000000c40a9548 is pointing into object: [B 
{0x00000000c40a9540} - klass: {type array byte}
 - length: 8
stack at sp + 7 slots: 0x00000000c40a9450 is an oop: com.google.gson.internal.LinkedTreeMap$Node 
{0x00000000c40a9450} - klass: 'com/google/gson/internal/LinkedTreeMap$Node'


---------------  P R O C E S S  ---------------

Threads class SMR info:
_java_thread_list=0x000001fc226573e0, length=26, elements={
0x000001fc7e1d9000, 0x000001fc1a4d7000, 0x000001fc1a4da800, 0x000001fc1a545800,
0x000001fc1a546800, 0x000001fc1a547800, 0x000001fc1a54d800, 0x000001fc1a54e800,
0x000001fc1b7ae800, 0x000001fc1b8de000, 0x000001fc1bc0d800, 0x000001fc1bd59000,
0x000001fc1bd71800, 0x000001fc1c5ee000, 0x000001fc1c250000, 0x000001fc1bd1f800,
0x000001fc1bfbd000, 0x000001fc1cf07800, 0x000001fc1cf0c800, 0x000001fc1cf0a000,
0x000001fc1cf0d800, 0x000001fc1bc12800, 0x000001fc1bc11800, 0x000001fc1bc11000,
0x000001fc1bc13800, 0x000001fc1fdba000
}

Java Threads: ( => current thread )
  0x000001fc7e1d9000 JavaThread "main" [_thread_blocked, id=10840, stack(0x0000009e9eb00000,0x0000009e9ec00000)]
  0x000001fc1a4d7000 JavaThread "Reference Handler" daemon [_thread_blocked, id=6328, stack(0x0000009e9ee00000,0x0000009e9ef00000)]
  0x000001fc1a4da800 JavaThread "Finalizer" daemon [_thread_blocked, id=9584, stack(0x0000009e9ef00000,0x0000009e9f000000)]
  0x000001fc1a545800 JavaThread "Signal Dispatcher" daemon [_thread_blocked, id=6528, stack(0x0000009e9f000000,0x0000009e9f100000)]
  0x000001fc1a546800 JavaThread "Attach Listener" daemon [_thread_blocked, id=3124, stack(0x0000009e9f100000,0x0000009e9f200000)]
  0x000001fc1a547800 JavaThread "C2 CompilerThread0" daemon [_thread_blocked, id=7328, stack(0x0000009e9f200000,0x0000009e9f300000)]
  0x000001fc1a54d800 JavaThread "C1 CompilerThread0" daemon [_thread_blocked, id=2624, stack(0x0000009e9f300000,0x0000009e9f400000)]
  0x000001fc1a54e800 JavaThread "Sweeper thread" daemon [_thread_blocked, id=2424, stack(0x0000009e9f400000,0x0000009e9f500000)]
  0x000001fc1b7ae800 JavaThread "Common-Cleaner" daemon [_thread_blocked, id=1116, stack(0x0000009e9f500000,0x0000009e9f600000)]
  0x000001fc1b8de000 JavaThread "Service Thread" daemon [_thread_blocked, id=8512, stack(0x0000009e9f600000,0x0000009e9f700000)]
  0x000001fc1bc0d800 JavaThread "Active Thread: Equinox Container: 157813a7-f932-4233-8d2c-6f55a66e9048" [_thread_blocked, id=2124, stack(0x0000009e9f800000,0x0000009e9f900000)]
  0x000001fc1bd59000 JavaThread "Framework Event Dispatcher: Equinox Container: 157813a7-f932-4233-8d2c-6f55a66e9048" daemon [_thread_blocked, id=1844, stack(0x0000009e9f900000,0x0000009e9fa00000)]
  0x000001fc1bd71800 JavaThread "Start Level: Equinox Container: 157813a7-f932-4233-8d2c-6f55a66e9048" daemon [_thread_blocked, id=7496, stack(0x0000009e9fa00000,0x0000009e9fb00000)]
  0x000001fc1c5ee000 JavaThread "SCR Component Actor" daemon [_thread_blocked, id=5508, stack(0x0000009e9fe00000,0x0000009e9ff00000)]
  0x000001fc1c250000 JavaThread "Worker-JM" [_thread_blocked, id=516, stack(0x0000009ea0000000,0x0000009ea0100000)]
  0x000001fc1bd1f800 JavaThread "Worker-0: Java indexing... " [_thread_blocked, id=2908, stack(0x0000009ea0100000,0x0000009ea0200000)]
  0x000001fc1bfbd000 JavaThread "Java indexing" daemon [_thread_blocked, id=12156, stack(0x0000009ea0300000,0x0000009ea0400000)]
  0x000001fc1cf07800 JavaThread "logback configurator timer" daemon [_thread_blocked, id=3444, stack(0x0000009e9ff00000,0x0000009ea0000000)]
  0x000001fc1cf0c800 JavaThread "pool-2-thread-1" [_thread_in_native, id=7780, stack(0x0000009ea0500000,0x0000009ea0600000)]
  0x000001fc1cf0a000 JavaThread "Worker-3" [_thread_blocked, id=660, stack(0x0000009ea0700000,0x0000009ea0800000)]
  0x000001fc1cf0d800 JavaThread "Bundle File Closer" daemon [_thread_blocked, id=9796, stack(0x0000009ea0a00000,0x0000009ea0b00000)]
  0x000001fc1bc12800 JavaThread "ForkJoinPool.commonPool-worker-1" daemon [_thread_blocked, id=8292, stack(0x0000009e9e800000,0x0000009e9e900000)]
  0x000001fc1bc11800 JavaThread "ForkJoinPool.commonPool-worker-3" daemon [_thread_blocked, id=9696, stack(0x0000009e9e900000,0x0000009e9ea00000)]
  0x000001fc1bc11000 JavaThread "ForkJoinPool.commonPool-worker-5" daemon [_thread_blocked, id=6072, stack(0x0000009e9ea00000,0x0000009e9eb00000)]
  0x000001fc1bc13800 JavaThread "ForkJoinPool.commonPool-worker-7" daemon [_thread_blocked, id=2972, stack(0x0000009ea0200000,0x0000009ea0300000)]
  0x000001fc1fdba000 JavaThread "C2 CompilerThread1" daemon [_thread_in_native, id=11312, stack(0x0000009ea0400000,0x0000009ea0500000)]

Other Threads:
  0x000001fc1a4d4000 VMThread "VM Thread" [stack: 0x0000009e9ed00000,0x0000009e9ee00000] [id=2964]
  0x000001fc1b8ed800 WatcherThread [stack: 0x0000009e9f700000,0x0000009e9f800000] [id=6688]
  0x000001fc7e1ef800 GCTaskThread "ParGC Thread#0" [stack: 0x0000009e9ec00000,0x0000009e9ed00000] [id=9632]
  0x000001fc1bd7a000 GCTaskThread "ParGC Thread#1" [stack: 0x0000009e9fb00000,0x0000009e9fc00000] [id=1244]
=>0x000001fc1bd7b000 GCTaskThread "ParGC Thread#2" [stack: 0x0000009e9fc00000,0x0000009e9fd00000] [id=1040]
  0x000001fc1bd7b800 GCTaskThread "ParGC Thread#3" [stack: 0x0000009e9fd00000,0x0000009e9fe00000] [id=9468]

Threads with active compile tasks:
C2 CompilerThread0 529350 6426       4       org.eclipse.jdt.internal.core.search.indexing.BinaryIndexer::extractReferenceFromConstantPool (341 bytes)
C2 CompilerThread1 529351 6421   !   4       org.eclipse.jdt.internal.core.search.indexing.BinaryIndexer::indexDocument (1144 bytes)

VM state:at safepoint (normal execution)

VM Mutex/Monitor currently owned by a thread:  ([mutex/lock_event])
[0x000001fc7e1d49a0] Threads_lock - owner thread: 0x000001fc1a4d4000
[0x000001fc7e1d58d0] Heap_lock - owner thread: 0x000001fc1bfbd000

Heap address: 0x00000000c0000000, size: 1024 MB, Compressed Oops mode: 32-bit
Narrow klass base: 0x0000000000000000, Narrow klass shift: 3
Compressed class space size: 1073741824 Address: 0x0000000100000000

Heap:
 PSYoungGen      total 28672K, used 4836K [0x00000000eab00000, 0x00000000ed000000, 0x0000000100000000)
  eden space 23552K, 0% used [0x00000000eab00000,0x00000000eab00000,0x00000000ec200000)
  from space 5120K, 94% used [0x00000000ecb00000,0x00000000ecfb92d8,0x00000000ed000000)
  to   space 6656K, 0% used [0x00000000ec300000,0x00000000ec300000,0x00000000ec980000)
 ParOldGen       total 152064K, used 148092K [0x00000000c0000000, 0x00000000c9480000, 0x00000000eab00000)
  object space 152064K, 97% used [0x00000000c0000000,0x00000000c909f3d8,0x00000000c9480000)
 Metaspace       used 57245K, capacity 60290K, committed 60376K, reserved 1103872K
  class space    used 5715K, capacity 6849K, committed 6912K, reserved 1048576K

Card table byte_map: [0x000001fc175c0000,0x000001fc177d0000] _byte_map_base: 0x000001fc16fc0000

Marking Bits: (ParMarkBitMap*) 0x00007ffdad593590
 Begin Bits: [0x000001fc17930000, 0x000001fc18930000)
 End Bits:   [0x000001fc18930000, 0x000001fc19930000)

Polling page: 0x000001fc00000000

Metaspace:

Usage:
  Non-class:     52.19 MB capacity,    50.32 MB ( 96%) used,     1.74 MB (  3%) free+waste,   130.25 KB ( <1%) overhead. 
      Class:      6.69 MB capacity,     5.58 MB ( 83%) used,     1.05 MB ( 16%) free+waste,    61.00 KB ( <1%) overhead. 
       Both:     58.88 MB capacity,    55.90 MB ( 95%) used,     2.79 MB (  5%) free+waste,   191.25 KB ( <1%) overhead. 

Virtual space:
  Non-class space:       54.00 MB reserved,      52.21 MB ( 97%) committed 
      Class space:        1.00 GB reserved,       6.75 MB ( <1%) committed 
             Both:        1.05 GB reserved,      58.96 MB (  5%) committed 

Chunk freelists:
   Non-Class:  2.88 KB
       Class:  3.88 KB
        Both:  6.75 KB

CodeHeap 'non-profiled nmethods': size=120064Kb used=4529Kb max_used=4529Kb free=115535Kb
 bounds [0x000001fc0fe90000, 0x000001fc10300000, 0x000001fc173d0000]
CodeHeap 'profiled nmethods': size=120000Kb used=15387Kb max_used=15387Kb free=104612Kb
 bounds [0x000001fc08960000, 0x000001fc09870000, 0x000001fc0fe90000]
CodeHeap 'non-nmethods': size=5696Kb used=1242Kb max_used=1308Kb free=4453Kb
 bounds [0x000001fc083d0000, 0x000001fc08640000, 0x000001fc08960000]
 total_blobs=7003 nmethods=6372 adapters=544
 compilation: enabled
              stopped_count=0, restarted_count=0
 full_count=0

Compilation events (10 events):
Event: 529.037 Thread 0x000001fc1a54d800 6424       2       org.eclipse.jdt.internal.compiler.classfmt.ClassFileStruct::i4At (69 bytes)
Event: 529.037 Thread 0x000001fc1a54d800 nmethod 6424 0x000001fc09865b10 code [0x000001fc09865cc0, 0x000001fc09865e78]
Event: 529.158 Thread 0x000001fc1a547800 nmethod 6390% 0x000001fc102ec290 code [0x000001fc102eca20, 0x000001fc102f6300]
Event: 529.160 Thread 0x000001fc1a547800 6425       4       java.util.TimSort::binarySort (223 bytes)
Event: 529.168 Thread 0x000001fc1a547800 nmethod 6425 0x000001fc102fb790 code [0x000001fc102fb940, 0x000001fc102fc0d8]
Event: 529.168 Thread 0x000001fc1a547800 6426       4       org.eclipse.jdt.internal.core.search.indexing.BinaryIndexer::extractReferenceFromConstantPool (341 bytes)
Event: 529.169 Thread 0x000001fc1a54d800 6427 %     3       org.eclipse.jdt.internal.compiler.util.SimpleLookupTable::rehash @ 23 (86 bytes)
Event: 529.170 Thread 0x000001fc1a54d800 nmethod 6427% 0x000001fc09865f90 code [0x000001fc09866180, 0x000001fc09866598]
Event: 529.170 Thread 0x000001fc1a54d800 6428       3       org.eclipse.jdt.internal.compiler.util.SimpleLookupTable::rehash (86 bytes)
Event: 529.170 Thread 0x000001fc1a54d800 nmethod 6428 0x000001fc09866810 code [0x000001fc098669e0, 0x000001fc09866d78]

GC Heap History (10 events):
Event: 528.733 GC heap after
{Heap after GC invocations=60 (full 5):
 PSYoungGen      total 20992K, used 3400K [0x00000000eab00000, 0x00000000ec300000, 0x0000000100000000)
  eden space 17408K, 0% used [0x00000000eab00000,0x00000000eab00000,0x00000000ebc00000)
  from space 3584K, 94% used [0x00000000ebf80000,0x00000000ec2d2340,0x00000000ec300000)
  to   space 3584K, 0% used [0x00000000ebc00000,0x00000000ebc00000,0x00000000ebf80000)
 ParOldGen       total 152064K, used 131220K [0x00000000c0000000, 0x00000000c9480000, 0x00000000eab00000)
  object space 152064K, 86% used [0x00000000c0000000,0x00000000c80250d8,0x00000000c9480000)
 Metaspace       used 57238K, capacity 60290K, committed 60376K, reserved 1103872K
  class space    used 5715K, capacity 6849K, committed 6912K, reserved 1048576K
}
Event: 528.832 GC heap before
{Heap before GC invocations=61 (full 5):
 PSYoungGen      total 20992K, used 20808K [0x00000000eab00000, 0x00000000ec300000, 0x0000000100000000)
  eden space 17408K, 100% used [0x00000000eab00000,0x00000000ebc00000,0x00000000ebc00000)
  from space 3584K, 94% used [0x00000000ebf80000,0x00000000ec2d2340,0x00000000ec300000)
  to   space 3584K, 0% used [0x00000000ebc00000,0x00000000ebc00000,0x00000000ebf80000)
 ParOldGen       total 152064K, used 131220K [0x00000000c0000000, 0x00000000c9480000, 0x00000000eab00000)
  object space 152064K, 86% used [0x00000000c0000000,0x00000000c80250d8,0x00000000c9480000)
 Metaspace       used 57239K, capacity 60290K, committed 60376K, reserved 1103872K
  class space    used 5715K, capacity 6849K, committed 6912K, reserved 1048576K
}
Event: 528.845 GC heap after
{Heap after GC invocations=61 (full 5):
 PSYoungGen      total 20992K, used 3573K [0x00000000eab00000, 0x00000000ece80000, 0x0000000100000000)
  eden space 17408K, 0% used [0x00000000eab00000,0x00000000eab00000,0x00000000ebc00000)
  from space 3584K, 99% used [0x00000000ebc00000,0x00000000ebf7d428,0x00000000ebf80000)
  to   space 8192K, 0% used [0x00000000ec680000,0x00000000ec680000,0x00000000ece80000)
 ParOldGen       total 152064K, used 135052K [0x00000000c0000000, 0x00000000c9480000, 0x00000000eab00000)
  object space 152064K, 88% used [0x00000000c0000000,0x00000000c83e30b8,0x00000000c9480000)
 Metaspace       used 57239K, capacity 60290K, committed 60376K, reserved 1103872K
  class space    used 5715K, capacity 6849K, committed 6912K, reserved 1048576K
}
Event: 528.956 GC heap before
{Heap before GC invocations=62 (full 5):
 PSYoungGen      total 20992K, used 20981K [0x00000000eab00000, 0x00000000ece80000, 0x0000000100000000)
  eden space 17408K, 100% used [0x00000000eab00000,0x00000000ebc00000,0x00000000ebc00000)
  from space 3584K, 99% used [0x00000000ebc00000,0x00000000ebf7d428,0x00000000ebf80000)
  to   space 8192K, 0% used [0x00000000ec680000,0x00000000ec680000,0x00000000ece80000)
 ParOldGen       total 152064K, used 135052K [0x00000000c0000000, 0x00000000c9480000, 0x00000000eab00000)
  object space 152064K, 88% used [0x00000000c0000000,0x00000000c83e30b8,0x00000000c9480000)
 Metaspace       used 57239K, capacity 60290K, committed 60376K, reserved 1103872K
  class space    used 5715K, capacity 6849K, committed 6912K, reserved 1048576K
}
Event: 528.969 GC heap after
{Heap after GC invocations=62 (full 5):
 PSYoungGen      total 23552K, used 4030K [0x00000000eab00000, 0x00000000eca80000, 0x0000000100000000)
  eden space 19456K, 0% used [0x00000000eab00000,0x00000000eab00000,0x00000000ebe00000)
  from space 4096K, 98% used [0x00000000ec680000,0x00000000eca6f8c0,0x00000000eca80000)
  to   space 5632K, 0% used [0x00000000ebf80000,0x00000000ebf80000,0x00000000ec500000)
 ParOldGen       total 152064K, used 138587K [0x00000000c0000000, 0x00000000c9480000, 0x00000000eab00000)
  object space 152064K, 91% used [0x00000000c0000000,0x00000000c8756f88,0x00000000c9480000)
 Metaspace       used 57239K, capacity 60290K, committed 60376K, reserved 1103872K
  class space    used 5715K, capacity 6849K, committed 6912K, reserved 1048576K
}
Event: 529.086 GC heap before
{Heap before GC invocations=63 (full 5):
 PSYoungGen      total 23552K, used 23486K [0x00000000eab00000, 0x00000000eca80000, 0x0000000100000000)
  eden space 19456K, 100% used [0x00000000eab00000,0x00000000ebe00000,0x00000000ebe00000)
  from space 4096K, 98% used [0x00000000ec680000,0x00000000eca6f8c0,0x00000000eca80000)
  to   space 5632K, 0% used [0x00000000ebf80000,0x00000000ebf80000,0x00000000ec500000)
 ParOldGen       total 152064K, used 138587K [0x00000000c0000000, 0x00000000c9480000, 0x00000000eab00000)
  object space 152064K, 91% used [0x00000000c0000000,0x00000000c8756f88,0x00000000c9480000)
 Metaspace       used 57245K, capacity 60290K, committed 60376K, reserved 1103872K
  class space    used 5715K, capacity 6849K, committed 6912K, reserved 1048576K
}
Event: 529.097 GC heap after
{Heap after GC invocations=63 (full 5):
 PSYoungGen      total 26624K, used 5605K [0x00000000eab00000, 0x00000000ed580000, 0x0000000100000000)
  eden space 20992K, 0% used [0x00000000eab00000,0x00000000eab00000,0x00000000ebf80000)
  from space 5632K, 99% used [0x00000000ebf80000,0x00000000ec4f9790,0x00000000ec500000)
  to   space 10752K, 0% used [0x00000000ecb00000,0x00000000ecb00000,0x00000000ed580000)
 ParOldGen       total 152064K, used 142552K [0x00000000c0000000, 0x00000000c9480000, 0x00000000eab00000)
  object space 152064K, 93% used [0x00000000c0000000,0x00000000c8b36130,0x00000000c9480000)
 Metaspace       used 57245K, capacity 60290K, committed 60376K, reserved 1103872K
  class space    used 5715K, capacity 6849K, committed 6912K, reserved 1048576K
}
Event: 529.191 GC heap before
{Heap before GC invocations=64 (full 5):
 PSYoungGen      total 26624K, used 26597K [0x00000000eab00000, 0x00000000ed580000, 0x0000000100000000)
  eden space 20992K, 100% used [0x00000000eab00000,0x00000000ebf80000,0x00000000ebf80000)
  from space 5632K, 99% used [0x00000000ebf80000,0x00000000ec4f9790,0x00000000ec500000)
  to   space 10752K, 0% used [0x00000000ecb00000,0x00000000ecb00000,0x00000000ed580000)
 ParOldGen       total 152064K, used 142552K [0x00000000c0000000, 0x00000000c9480000, 0x00000000eab00000)
  object space 152064K, 93% used [0x00000000c0000000,0x00000000c8b36130,0x00000000c9480000)
 Metaspace       used 57245K, capacity 60290K, committed 60376K, reserved 1103872K
  class space    used 5715K, capacity 6849K, committed 6912K, reserved 1048576K
}
Event: 529.200 GC heap after
{Heap after GC invocations=64 (full 5):
 PSYoungGen      total 28672K, used 4836K [0x00000000eab00000, 0x00000000ed000000, 0x0000000100000000)
  eden space 23552K, 0% used [0x00000000eab00000,0x00000000eab00000,0x00000000ec200000)
  from space 5120K, 94% used [0x00000000ecb00000,0x00000000ecfb92d8,0x00000000ed000000)
  to   space 6656K, 0% used [0x00000000ec300000,0x00000000ec300000,0x00000000ec980000)
 ParOldGen       total 152064K, used 148092K [0x00000000c0000000, 0x00000000c9480000, 0x00000000eab00000)
  object space 152064K, 97% used [0x00000000c0000000,0x00000000c909f3d8,0x00000000c9480000)
 Metaspace       used 57245K, capacity 60290K, committed 60376K, reserved 1103872K
  class space    used 5715K, capacity 6849K, committed 6912K, reserved 1048576K
}
Event: 529.200 GC heap before
{Heap before GC invocations=65 (full 6):
 PSYoungGen      total 28672K, used 4836K [0x00000000eab00000, 0x00000000ed000000, 0x0000000100000000)
  eden space 23552K, 0% used [0x00000000eab00000,0x00000000eab00000,0x00000000ec200000)
  from space 5120K, 94% used [0x00000000ecb00000,0x00000000ecfb92d8,0x00000000ed000000)
  to   space 6656K, 0% used [0x00000000ec300000,0x00000000ec300000,0x00000000ec980000)
 ParOldGen       total 152064K, used 148092K [0x00000000c0000000, 0x00000000c9480000, 0x00000000eab00000)
  object space 152064K, 97% used [0x00000000c0000000,0x00000000c909f3d8,0x00000000c9480000)
 Metaspace       used 57245K, capacity 60290K, committed 60376K, reserved 1103872K
  class space    used 5715K, capacity 6849K, committed 6912K, reserved 1048576K
}

Deoptimization events (10 events):
Event: 527.020 Thread 0x000001fc1bfbd000 Uncommon trap: reason=class_check action=maybe_recompile pc=0x000001fc100976a4 method=org.eclipse.jdt.internal.compiler.util.JrtFileSystem$2.visitFile(Ljava/nio/file/Path;Ljava/nio/file/attribute/BasicFileAttributes;)Ljava/nio/file/FileVisitResult; @ 66 c
Event: 527.020 Thread 0x000001fc1bfbd000 Uncommon trap: reason=class_check action=maybe_recompile pc=0x000001fc100976a4 method=org.eclipse.jdt.internal.compiler.util.JrtFileSystem$2.visitFile(Ljava/nio/file/Path;Ljava/nio/file/attribute/BasicFileAttributes;)Ljava/nio/file/FileVisitResult; @ 66 c
Event: 527.020 Thread 0x000001fc1bfbd000 Uncommon trap: reason=class_check action=maybe_recompile pc=0x000001fc100976a4 method=org.eclipse.jdt.internal.compiler.util.JrtFileSystem$2.visitFile(Ljava/nio/file/Path;Ljava/nio/file/attribute/BasicFileAttributes;)Ljava/nio/file/FileVisitResult; @ 66 c
Event: 527.149 Thread 0x000001fc1bfbd000 Uncommon trap: reason=unstable_if action=reinterpret pc=0x000001fc1022bf9c method=org.eclipse.jdt.core.compiler.CharOperation.concatWith([[CC)[C @ 1 c2
Event: 527.302 Thread 0x000001fc1bfbd000 Uncommon trap: reason=unstable_if action=reinterpret pc=0x000001fc10286b50 method=org.eclipse.jdt.internal.core.search.indexing.BinaryIndexer.replace(CC[C)[C @ 1 c2
Event: 527.412 Thread 0x000001fc1bfbd000 Uncommon trap: reason=unstable_if action=reinterpret pc=0x000001fc10291174 method=org.eclipse.jdt.internal.core.search.indexing.BinaryIndexer.addTypeReference([C)V @ 23 c2
Event: 528.061 Thread 0x000001fc1bfbd000 Uncommon trap: reason=unstable_if action=reinterpret pc=0x000001fc1028ec50 method=org.eclipse.jdt.internal.core.search.indexing.BinaryIndexer.extractArgCount([C[C)I @ 239 c2
Event: 528.229 Thread 0x000001fc1bfbd000 Uncommon trap: reason=null_check action=make_not_entrant pc=0x000001fc1029df98 method=java.util.TimSort.reverseRange([Ljava/lang/Object;II)V @ 27 c2
Event: 528.295 Thread 0x000001fc1bfbd000 Uncommon trap: reason=unstable_if action=reinterpret pc=0x000001fc102bc174 method=org.eclipse.jdt.internal.compiler.classfmt.MethodInfo.decodeLocalVariableAttribute(II)V @ 14 c2
Event: 528.580 Thread 0x000001fc1bfbd000 Uncommon trap: reason=null_check action=make_not_entrant pc=0x000001fc100e5f20 method=java.util.TimSort.binarySort([Ljava/lang/Object;IIILjava/util/Comparator;)V @ 215 c2

Classes redefined (0 events):
No events

Internal exceptions (10 events):
Event: 486.555 Thread 0x000001fc1bc13800 Exception <a 'java/lang/ArrayIndexOutOfBoundsException'{0x00000000eb2f1e90}> (0x00000000eb2f1e90) thrown at [./open/src/hotspot/share/runtime/sharedRuntime.cpp, line 584]
Event: 486.556 Thread 0x000001fc1bc13800 Exception <a 'java/lang/ArrayIndexOutOfBoundsException'{0x00000000eb30cb38}> (0x00000000eb30cb38) thrown at [./open/src/hotspot/share/runtime/sharedRuntime.cpp, line 584]
Event: 486.557 Thread 0x000001fc1bc13800 Exception <a 'java/lang/ArrayIndexOutOfBoundsException'{0x00000000eb3430c0}> (0x00000000eb3430c0) thrown at [./open/src/hotspot/share/runtime/sharedRuntime.cpp, line 584]
Event: 486.557 Thread 0x000001fc1bc13800 Exception <a 'java/lang/ArrayIndexOutOfBoundsException'{0x00000000eb35dd78}> (0x00000000eb35dd78) thrown at [./open/src/hotspot/share/runtime/sharedRuntime.cpp, line 584]
Event: 486.559 Thread 0x000001fc1bc13800 Exception <a 'java/lang/ArrayIndexOutOfBoundsException'{0x00000000eb393eb0}> (0x00000000eb393eb0) thrown at [./open/src/hotspot/share/runtime/sharedRuntime.cpp, line 584]
Event: 486.559 Thread 0x000001fc1bc13800 Exception <a 'java/lang/ArrayIndexOutOfBoundsException'{0x00000000eb3aeb58}> (0x00000000eb3aeb58) thrown at [./open/src/hotspot/share/runtime/sharedRuntime.cpp, line 584]
Event: 527.149 Thread 0x000001fc1bfbd000 Implicit null exception at 0x000001fc1022bbd4 to 0x000001fc1022bf84
Event: 527.302 Thread 0x000001fc1bfbd000 Implicit null exception at 0x000001fc10286a4c to 0x000001fc10286b38
Event: 528.229 Thread 0x000001fc1bfbd000 Implicit null exception at 0x000001fc1029d85d to 0x000001fc1029df64
Event: 528.580 Thread 0x000001fc1bfbd000 Implicit null exception at 0x000001fc100e5996 to 0x000001fc100e5ed4

Events (10 events):
Event: 529.175 Thread 0x000001fc1bfbd000 DEOPT UNPACKING pc=0x000001fc083f6ece sp=0x0000009ea03fdb10 mode 0
Event: 529.179 Thread 0x000001fc1bfbd000 DEOPT PACKING pc=0x000001fc09809ca0 sp=0x0000009ea03fe5a0
Event: 529.179 Thread 0x000001fc1bfbd000 DEOPT UNPACKING pc=0x000001fc083f6ece sp=0x0000009ea03fdb10 mode 0
Event: 529.182 Thread 0x000001fc1bfbd000 DEOPT PACKING pc=0x000001fc09809ca0 sp=0x0000009ea03fe5a0
Event: 529.182 Thread 0x000001fc1bfbd000 DEOPT UNPACKING pc=0x000001fc083f6ece sp=0x0000009ea03fdb10 mode 0
Event: 529.186 Thread 0x000001fc1bfbd000 DEOPT PACKING pc=0x000001fc09809ca0 sp=0x0000009ea03fe5a0
Event: 529.186 Thread 0x000001fc1bfbd000 DEOPT UNPACKING pc=0x000001fc083f6ece sp=0x0000009ea03fdb10 mode 0
Event: 529.191 Thread 0x000001fc1bfbd000 DEOPT PACKING pc=0x000001fc09809ca0 sp=0x0000009ea03fe5a0
Event: 529.191 Thread 0x000001fc1bfbd000 DEOPT UNPACKING pc=0x000001fc083f6ece sp=0x0000009ea03fdb10 mode 0
Event: 529.191 Executing VM operation: ParallelGCFailedAllocation


Dynamic libraries:
0x00007ff67aaa0000 - 0x00007ff67aaaf000 	C:\Program Files\Java\jdk-11.0.10\bin\java.exe
0x00007ffdfd7b0000 - 0x00007ffdfd9a6000 	C:\Windows\SYSTEM32\ntdll.dll
0x00007ffdfc6b0000 - 0x00007ffdfc76d000 	C:\Windows\System32\KERNEL32.DLL
0x00007ffdfaef0000 - 0x00007ffdfb1b8000 	C:\Windows\System32\KERNELBASE.dll
0x00007ffdfb710000 - 0x00007ffdfb810000 	C:\Windows\System32\ucrtbase.dll
0x00007ffdee970000 - 0x00007ffdee988000 	C:\Program Files\Java\jdk-11.0.10\bin\jli.dll
0x00007ffdfd6c0000 - 0x00007ffdfd76c000 	C:\Windows\System32\ADVAPI32.dll
0x00007ffdfcb10000 - 0x00007ffdfcbae000 	C:\Windows\System32\msvcrt.dll
0x00007ffdfd5a0000 - 0x00007ffdfd63b000 	C:\Windows\System32\sechost.dll
0x00007ffdfbc60000 - 0x00007ffdfbd84000 	C:\Windows\System32\RPCRT4.dll
0x00007ffdfbac0000 - 0x00007ffdfbc60000 	C:\Windows\System32\USER32.dll
0x00007ffdfb320000 - 0x00007ffdfb342000 	C:\Windows\System32\win32u.dll
0x00007ffdee950000 - 0x00007ffdee965000 	C:\Program Files\Java\jdk-11.0.10\bin\VCRUNTIME140.dll
0x00007ffde79e0000 - 0x00007ffde7c7b000 	C:\Windows\WinSxS\amd64_microsoft.windows.common-controls_6595b64144ccf1df_6.0.19041.488_none_ca04af081b815d21\COMCTL32.dll
0x00007ffdfba30000 - 0x00007ffdfba5a000 	C:\Windows\System32\GDI32.dll
0x00007ffdfb600000 - 0x00007ffdfb709000 	C:\Windows\System32\gdi32full.dll
0x00007ffdfb350000 - 0x00007ffdfb3ed000 	C:\Windows\System32\msvcp_win.dll
0x00007ffdf4860000 - 0x00007ffdf486a000 	C:\Windows\SYSTEM32\VERSION.dll
0x00007ffdfcae0000 - 0x00007ffdfcb10000 	C:\Windows\System32\IMM32.DLL
0x00007ffdc0350000 - 0x00007ffdc03eb000 	C:\Program Files\Java\jdk-11.0.10\bin\msvcp140.dll
0x00007ffdacb50000 - 0x00007ffdad64b000 	C:\Program Files\Java\jdk-11.0.10\bin\server\jvm.dll
0x00007ffdfcc20000 - 0x00007ffdfcc28000 	C:\Windows\System32\PSAPI.DLL
0x00007ffddd1c0000 - 0x00007ffddd1c9000 	C:\Windows\SYSTEM32\WSOCK32.dll
0x00007ffdfcbb0000 - 0x00007ffdfcc1b000 	C:\Windows\System32\WS2_32.dll
0x00007ffddb840000 - 0x00007ffddb867000 	C:\Windows\SYSTEM32\WINMM.dll
0x00007ffdf8e40000 - 0x00007ffdf8e52000 	C:\Windows\SYSTEM32\kernel.appcore.dll
0x00007ffdee940000 - 0x00007ffdee950000 	C:\Program Files\Java\jdk-11.0.10\bin\verify.dll
0x00007ffddc450000 - 0x00007ffddc634000 	C:\Windows\SYSTEM32\DBGHELP.DLL
0x00007ffddb650000 - 0x00007ffddb67c000 	C:\Windows\SYSTEM32\dbgcore.DLL
0x00007ffdfb240000 - 0x00007ffdfb2bf000 	C:\Windows\System32\bcryptPrimitives.dll
0x00007ffde9e30000 - 0x00007ffde9e58000 	C:\Program Files\Java\jdk-11.0.10\bin\java.dll
0x00007ffdee930000 - 0x00007ffdee93a000 	C:\Program Files\Java\jdk-11.0.10\bin\jimage.dll
0x00007ffdee750000 - 0x00007ffdee766000 	C:\Program Files\Java\jdk-11.0.10\bin\zip.dll
0x00007ffdfbeb0000 - 0x00007ffdfc5f1000 	C:\Windows\System32\SHELL32.dll
0x00007ffdf9040000 - 0x00007ffdf97d5000 	C:\Windows\SYSTEM32\windows.storage.dll
0x00007ffdfc770000 - 0x00007ffdfcac5000 	C:\Windows\System32\combase.dll
0x00007ffdfa890000 - 0x00007ffdfa8bc000 	C:\Windows\SYSTEM32\Wldp.dll
0x00007ffdfc600000 - 0x00007ffdfc6ae000 	C:\Windows\System32\SHCORE.dll
0x00007ffdfd540000 - 0x00007ffdfd595000 	C:\Windows\System32\shlwapi.dll
0x00007ffdfae20000 - 0x00007ffdfae46000 	C:\Windows\SYSTEM32\profapi.dll
0x00007ffdc9fa0000 - 0x00007ffdc9fb9000 	C:\Program Files\Java\jdk-11.0.10\bin\net.dll
0x00007ffdeeec0000 - 0x00007ffdeefc0000 	C:\Windows\SYSTEM32\WINHTTP.dll
0x00007ffdfa610000 - 0x00007ffdfa67a000 	C:\Windows\system32\mswsock.dll
0x00007ffdc9810000 - 0x00007ffdc9822000 	C:\Program Files\Java\jdk-11.0.10\bin\nio.dll
0x00007ffdfa7e0000 - 0x00007ffdfa7f8000 	C:\Windows\SYSTEM32\CRYPTSP.dll
0x00007ffdf9fa0000 - 0x00007ffdf9fd4000 	C:\Windows\system32\rsaenh.dll
0x00007ffdfb210000 - 0x00007ffdfb237000 	C:\Windows\System32\bcrypt.dll
0x00007ffdfade0000 - 0x00007ffdfae0e000 	C:\Windows\SYSTEM32\USERENV.dll
0x00007ffdfa800000 - 0x00007ffdfa80c000 	C:\Windows\SYSTEM32\CRYPTBASE.dll
0x00007ffdfa300000 - 0x00007ffdfa33b000 	C:\Windows\SYSTEM32\IPHLPAPI.DLL
0x00007ffdfce00000 - 0x00007ffdfce08000 	C:\Windows\System32\NSI.dll
0x00007ffdf3d90000 - 0x00007ffdf3da7000 	C:\Windows\SYSTEM32\dhcpcsvc6.DLL
0x00007ffdf3d70000 - 0x00007ffdf3d8d000 	C:\Windows\SYSTEM32\dhcpcsvc.DLL
0x00007ffdfa340000 - 0x00007ffdfa40b000 	C:\Windows\SYSTEM32\DNSAPI.dll
0x00007ffdc9750000 - 0x00007ffdc9779000 	C:\Users\Vitor Gois\AppData\Roaming\Code\User\globalStorage\redhat.java\0.76.0\config_win\org.eclipse.equinox.launcher\org.eclipse.equinox.launcher.win32.win32.x86_64_1.2.100.v20210209-1541\eclipse_11301.dll
0x00007ffdcf710000 - 0x00007ffdcf721000 	C:\Users\Vitor Gois\AppData\Roaming\Code\User\globalStorage\redhat.java\0.76.0\config_win\org.eclipse.osgi\23\0\.cp\jWinHttp-1.0.0.dll
0x00007ffdfb900000 - 0x00007ffdfba2a000 	C:\Windows\System32\ole32.dll
0x00007ffdf0770000 - 0x00007ffdf077d000 	C:\Program Files\Java\jdk-11.0.10\bin\sunmscapi.dll
0x00007ffdfb3f0000 - 0x00007ffdfb54d000 	C:\Windows\System32\CRYPT32.dll
0x00007ffdfa900000 - 0x00007ffdfa927000 	C:\Windows\SYSTEM32\ncrypt.dll
0x00007ffdfa8c0000 - 0x00007ffdfa8fb000 	C:\Windows\SYSTEM32\NTASN1.dll
0x00007ffdc33d0000 - 0x00007ffdc33f5000 	C:\Program Files\Java\jdk-11.0.10\bin\sunec.dll

dbghelp: loaded successfully - version: 4.0.5 - missing functions: none
symbol engine: initialized successfully - sym options: 0x614 - pdb path: .;C:\Program Files\Java\jdk-11.0.10\bin;C:\Windows\SYSTEM32;C:\Windows\WinSxS\amd64_microsoft.windows.common-controls_6595b64144ccf1df_6.0.19041.488_none_ca04af081b815d21;C:\Program Files\Java\jdk-11.0.10\bin\server;C:\Users\Vitor Gois\AppData\Roaming\Code\User\globalStorage\redhat.java\0.76.0\config_win\org.eclipse.equinox.launcher\org.eclipse.equinox.launcher.win32.win32.x86_64_1.2.100.v20210209-1541;C:\Users\Vitor Gois\AppData\Roaming\Code\User\globalStorage\redhat.java\0.76.0\config_win\org.eclipse.osgi\23\0\.cp

VM Arguments:
jvm_args: --add-modules=ALL-SYSTEM --add-opens=java.base/java.util=ALL-UNNAMED --add-opens=java.base/java.lang=ALL-UNNAMED -Declipse.application=org.eclipse.jdt.ls.core.id1 -Dosgi.bundles.defaultStartLevel=4 -Declipse.product=org.eclipse.jdt.ls.core.product -Dfile.encoding=utf8 -DwatchParentProcess=false -XX:+UseParallelGC -XX:GCTimeRatio=4 -XX:AdaptiveSizePolicyWeight=90 -Dsun.zip.disableMemoryMapping=true -Xmx1G -Xms100m -Xverify:none 
java_command: c:\Users\Vitor Gois\.vscode\extensions\redhat.java-0.76.0\server\plugins\org.eclipse.equinox.launcher_1.6.100.v20201223-0822.jar -configuration c:\Users\Vitor Gois\AppData\Roaming\Code\User\globalStorage\redhat.java\0.76.0\config_win -data c:\Users\Vitor Gois\AppData\Roaming\Code\User\workspaceStorage\dd332879408429eebb63d62f58e8efcc\redhat.java\jdt_ws
java_class_path (initial): c:\Users\Vitor Gois\.vscode\extensions\redhat.java-0.76.0\server\plugins\org.eclipse.equinox.launcher_1.6.100.v20201223-0822.jar
Launcher Type: SUN_STANDARD

[Global flags]
    uintx AdaptiveSizePolicyWeight                 = 90                                        {product} {command line}
     bool BytecodeVerificationLocal                = false                                     {product} {command line}
     bool BytecodeVerificationRemote               = false                                     {product} {command line}
     intx CICompilerCount                          = 3                                         {product} {ergonomic}
    uintx GCTimeRatio                              = 4                                         {product} {command line}
   size_t InitialHeapSize                          = 104857600                                 {product} {command line}
   size_t MaxHeapSize                              = 1073741824                                {product} {command line}
   size_t MaxNewSize                               = 357564416                                 {product} {ergonomic}
   size_t MinHeapDeltaBytes                        = 524288                                    {product} {ergonomic}
   size_t NewSize                                  = 34603008                                  {product} {ergonomic}
    uintx NonNMethodCodeHeapSize                   = 5830732                                {pd product} {ergonomic}
    uintx NonProfiledCodeHeapSize                  = 122913754                              {pd product} {ergonomic}
   size_t OldSize                                  = 70254592                                  {product} {ergonomic}
    uintx ProfiledCodeHeapSize                     = 122913754                              {pd product} {ergonomic}
    uintx ReservedCodeCacheSize                    = 251658240                              {pd product} {ergonomic}
     bool SegmentedCodeCache                       = true                                      {product} {ergonomic}
     bool UseCompressedClassPointers               = true                                 {lp64_product} {ergonomic}
     bool UseCompressedOops                        = true                                 {lp64_product} {ergonomic}
     bool UseLargePagesIndividualAllocation        = false                                  {pd product} {ergonomic}
     bool UseParallelGC                            = true                                      {product} {command line}

Logging:
Log output configuration:
 #0: stdout all=warning uptime,level,tags
 #1: stderr all=off uptime,level,tags

Environment Variables:
JAVA_HOME=C:\Program Files\Java\jdk-11.0.10
PATH=C:\Program Files (x86)\Common Files\Oracle\Java\javapath;C:\Program Files\Common Files\Oracle\Java\javapath;C:\Windows\system32;C:\Windows;C:\Windows\System32\Wbem;C:\Windows\System32\WindowsPowerShell\v1.0\;C:\Windows\System32\OpenSSH\;C:\Program Files\Java\jdk-11.0.10\bin;C:\Program Files\Git\cmd;C:\Program Files\Microsoft SQL Server\Client SDK\ODBC\170\Tools\Binn\;C:\Program Files (x86)\Microsoft SQL Server\150\Tools\Binn\;C:\Program Files\Microsoft SQL Server\150\Tools\Binn\;C:\Program Files\Microsoft SQL Server\150\DTS\Binn\;C:\Program Files (x86)\Microsoft SQL Server\150\DTS\Binn\;C:\Program Files\Azure Data Studio\bin;C:\Users\Vitor Gois\AppData\Local\Programs\Python\Python39\Scripts\;C:\Users\Vitor Gois\AppData\Local\Programs\Python\Python39\;C:\Users\Vitor Gois\AppData\Local\Microsoft\WindowsApps;;C:\Users\Vitor Gois\AppData\Local\Programs\Microsoft VS Code\bin;C:\Program Files\Azure Data Studio\bin
USERNAME=Vitor Gois
OS=Windows_NT
PROCESSOR_IDENTIFIER=Intel64 Family 6 Model 142 Stepping 9, GenuineIntel



---------------  S Y S T E M  ---------------

OS: Windows 10 , 64 bit Build 19041 (10.0.19041.546)

CPU:total 4 (initial active 4) (2 cores per cpu, 2 threads per core) family 6 model 142 stepping 9 microcode 0xb4, cmov, cx8, fxsr, mmx, sse, sse2, sse3, ssse3, sse4.1, sse4.2, popcnt, avx, avx2, aes, clmul, erms, 3dnowpref, lzcnt, ht, tsc, tscinvbit, bmi1, bmi2, adx, fma

Memory: 4k page, system-wide physical 8067M (2868M free)
TotalPageFile size 9987M (AvailPageFile size 3228M)
current process WorkingSet (physical memory assigned to process): 396M, peak: 396M
current process commit charge ("private bytes"): 404M, peak: 414M

vm_info: Java HotSpot(TM) 64-Bit Server VM (11.0.10+8-LTS-162) for windows-amd64 JRE (11.0.10+8-LTS-162), built on Dec  8 2020 16:32:57 by "mach5one" with MS VC++ 15.9 (VS2017)

END.
